0 info it worked if it ends with ok
1 verbose cli [ '/usr/local/bin/node', '/usr/local/bin/npm', 'start' ]
2 info using npm@4.0.3
3 info using node@v7.0.0
4 verbose run-script [ 'prestart', 'start', 'poststart' ]
5 info lifecycle brettlguide.at@1.0.0~prestart: brettlguide.at@1.0.0
6 silly lifecycle brettlguide.at@1.0.0~prestart: no script for prestart, continuing
7 info lifecycle brettlguide.at@1.0.0~start: brettlguide.at@1.0.0
8 verbose lifecycle brettlguide.at@1.0.0~start: unsafe-perm in lifecycle true
9 verbose lifecycle brettlguide.at@1.0.0~start: PATH: /usr/local/lib/node_modules/npm/bin/node-gyp-bin:/Users/Neele/ownCloud/FH-MultiMediaTechnology/Semester_3/MMP2/www/node_modules/.bin:/Users/Neele/.rvm/gems/ruby-2.3.3/bin:/Users/Neele/.rvm/gems/ruby-2.3.3@global/bin:/Users/Neele/.rvm/rubies/ruby-2.3.3/bin:/usr/local/bin:/usr/bin:/bin:/usr/sbin:/sbin:/usr/local/share/dotnet:/Library/TeX/texbin:/Users/Neele/ownCloud/FH-MultiMediaTechnology/Semester_1/Programmierung/scripts:/Applications/Postgres.app/Contents/Versions/latest/bin:/Users/Neele/bin:/Users/Neele/.rvm/bin
10 verbose lifecycle brettlguide.at@1.0.0~start: CWD: /Users/Neele/ownCloud/FH-MultiMediaTechnology/Semester_3/MMP2/www
11 silly lifecycle brettlguide.at@1.0.0~start: Args: [ '-c', 'gulp start' ]
12 silly lifecycle brettlguide.at@1.0.0~start: Returned: code: 1  signal: null
13 info lifecycle brettlguide.at@1.0.0~start: Failed to exec start script
14 verbose stack Error: brettlguide.at@1.0.0 start: `gulp start`
14 verbose stack Exit status 1
14 verbose stack     at EventEmitter.<anonymous> (/usr/local/lib/node_modules/npm/lib/utils/lifecycle.js:279:16)
14 verbose stack     at emitTwo (events.js:106:13)
14 verbose stack     at EventEmitter.emit (events.js:191:7)
14 verbose stack     at ChildProcess.<anonymous> (/usr/local/lib/node_modules/npm/lib/utils/spawn.js:40:14)
14 verbose stack     at emitTwo (events.js:106:13)
14 verbose stack     at ChildProcess.emit (events.js:191:7)
14 verbose stack     at maybeClose (internal/child_process.js:877:16)
14 verbose stack     at Process.ChildProcess._handle.onexit (internal/child_process.js:226:5)
15 verbose pkgid brettlguide.at@1.0.0
16 verbose cwd /Users/Neele/ownCloud/FH-MultiMediaTechnology/Semester_3/MMP2/www
17 error Darwin 15.6.0
18 error argv "/usr/local/bin/node" "/usr/local/bin/npm" "start"
19 error node v7.0.0
20 error npm  v4.0.3
21 error code ELIFECYCLE
22 error brettlguide.at@1.0.0 start: `gulp start`
22 error Exit status 1
23 error Failed at the brettlguide.at@1.0.0 start script 'gulp start'.
23 error Make sure you have the latest version of node.js and npm installed.
23 error If you do, this is most likely a problem with the brettlguide.at package,
23 error not with npm itself.
23 error Tell the author that this fails on your system:
23 error     gulp start
23 error You can get information on how to open an issue for this project with:
23 error     npm bugs brettlguide.at
23 error Or if that isn't available, you can get their info via:
23 error     npm owner ls brettlguide.at
23 error There is likely additional logging output above.
24 verbose exit [ 1, true ]
